{"C:\\Users\\USER\\Desktop\\AllMicroverse\\TODOLIST2\\Todo-List\\src\\modules\\interface.js": {"path":"C:\\Users\\USER\\Desktop\\AllMicroverse\\TODOLIST2\\Todo-List\\src\\modules\\interface.js","statementMap":{"0":{"start":{"line":5,"column":20},"end":{"line":5,"column":38}},"1":{"start":{"line":7,"column":26},"end":{"line":7,"column":28}},"2":{"start":{"line":9,"column":20},"end":{"line":9,"column":22}},"3":{"start":{"line":11,"column":27},"end":{"line":73,"column":3}},"4":{"start":{"line":12,"column":30},"end":{"line":14,"column":5}},"5":{"start":{"line":15,"column":21},"end":{"line":15,"column":57}},"6":{"start":{"line":16,"column":4},"end":{"line":72,"column":5}},"7":{"start":{"line":17,"column":6},"end":{"line":17,"column":37}},"8":{"start":{"line":18,"column":6},"end":{"line":18,"column":39}},"9":{"start":{"line":19,"column":6},"end":{"line":19,"column":59}},"10":{"start":{"line":20,"column":6},"end":{"line":20,"column":50}},"11":{"start":{"line":22,"column":6},"end":{"line":22,"column":39}},"12":{"start":{"line":23,"column":6},"end":{"line":23,"column":40}},"13":{"start":{"line":25,"column":6},"end":{"line":25,"column":59}},"14":{"start":{"line":25,"column":40},"end":{"line":25,"column":57}},"15":{"start":{"line":26,"column":6},"end":{"line":38,"column":9}},"16":{"start":{"line":27,"column":26},"end":{"line":27,"column":36}},"17":{"start":{"line":28,"column":32},"end":{"line":28,"column":48}},"18":{"start":{"line":29,"column":25},"end":{"line":29,"column":54}},"19":{"start":{"line":30,"column":8},"end":{"line":30,"column":40}},"20":{"start":{"line":31,"column":8},"end":{"line":36,"column":4}},"21":{"start":{"line":37,"column":8},"end":{"line":37,"column":48}},"22":{"start":{"line":40,"column":24},"end":{"line":40,"column":63}},"23":{"start":{"line":41,"column":6},"end":{"line":58,"column":9}},"24":{"start":{"line":42,"column":8},"end":{"line":57,"column":11}},"25":{"start":{"line":43,"column":27},"end":{"line":43,"column":60}},"26":{"start":{"line":44,"column":10},"end":{"line":56,"column":11}},"27":{"start":{"line":45,"column":12},"end":{"line":45,"column":42}},"28":{"start":{"line":46,"column":12},"end":{"line":46,"column":51}},"29":{"start":{"line":47,"column":17},"end":{"line":56,"column":11}},"30":{"start":{"line":48,"column":12},"end":{"line":55,"column":13}},"31":{"start":{"line":49,"column":14},"end":{"line":49,"column":59}},"32":{"start":{"line":50,"column":14},"end":{"line":50,"column":44}},"33":{"start":{"line":51,"column":14},"end":{"line":51,"column":53}},"34":{"start":{"line":52,"column":19},"end":{"line":55,"column":13}},"35":{"start":{"line":53,"column":14},"end":{"line":53,"column":49}},"36":{"start":{"line":54,"column":14},"end":{"line":54,"column":53}},"37":{"start":{"line":61,"column":25},"end":{"line":61,"column":63}},"38":{"start":{"line":62,"column":6},"end":{"line":71,"column":9}},"39":{"start":{"line":63,"column":8},"end":{"line":70,"column":11}},"40":{"start":{"line":64,"column":10},"end":{"line":64,"column":45}},"41":{"start":{"line":65,"column":23},"end":{"line":67,"column":11}},"42":{"start":{"line":66,"column":22},"end":{"line":66,"column":66}},"43":{"start":{"line":68,"column":10},"end":{"line":68,"column":43}},"44":{"start":{"line":69,"column":10},"end":{"line":69,"column":50}},"45":{"start":{"line":76,"column":19},"end":{"line":92,"column":3}},"46":{"start":{"line":77,"column":4},"end":{"line":91,"column":5}},"47":{"start":{"line":78,"column":6},"end":{"line":78,"column":25}},"48":{"start":{"line":79,"column":20},"end":{"line":79,"column":58}},"49":{"start":{"line":80,"column":6},"end":{"line":90,"column":7}},"50":{"start":{"line":81,"column":8},"end":{"line":81,"column":68}},"51":{"start":{"line":83,"column":22},"end":{"line":83,"column":47}},"52":{"start":{"line":84,"column":21},"end":{"line":84,"column":54}},"53":{"start":{"line":85,"column":8},"end":{"line":85,"column":31}},"54":{"start":{"line":86,"column":8},"end":{"line":86,"column":48}},"55":{"start":{"line":87,"column":8},"end":{"line":87,"column":38}},"56":{"start":{"line":88,"column":8},"end":{"line":88,"column":36}},"57":{"start":{"line":89,"column":8},"end":{"line":89,"column":32}},"58":{"start":{"line":95,"column":23},"end":{"line":97,"column":3}},"59":{"start":{"line":96,"column":4},"end":{"line":96,"column":48}},"60":{"start":{"line":100,"column":23},"end":{"line":108,"column":3}},"61":{"start":{"line":101,"column":21},"end":{"line":101,"column":39}},"62":{"start":{"line":102,"column":23},"end":{"line":102,"column":24}},"63":{"start":{"line":103,"column":4},"end":{"line":106,"column":7}},"64":{"start":{"line":104,"column":6},"end":{"line":104,"column":32}},"65":{"start":{"line":105,"column":6},"end":{"line":105,"column":24}},"66":{"start":{"line":107,"column":4},"end":{"line":107,"column":34}},"67":{"start":{"line":111,"column":27},"end":{"line":126,"column":5}},"68":{"start":{"line":112,"column":6},"end":{"line":112,"column":25}},"69":{"start":{"line":113,"column":6},"end":{"line":125,"column":7}},"70":{"start":{"line":114,"column":8},"end":{"line":114,"column":59}},"71":{"start":{"line":116,"column":18},"end":{"line":116,"column":19}},"72":{"start":{"line":117,"column":8},"end":{"line":122,"column":9}},"73":{"start":{"line":118,"column":32},"end":{"line":118,"column":59}},"74":{"start":{"line":119,"column":10},"end":{"line":119,"column":44}},"75":{"start":{"line":120,"column":10},"end":{"line":120,"column":50}},"76":{"start":{"line":121,"column":10},"end":{"line":121,"column":48}},"77":{"start":{"line":123,"column":8},"end":{"line":123,"column":32}},"78":{"start":{"line":124,"column":8},"end":{"line":124,"column":36}},"79":{"start":{"line":129,"column":22},"end":{"line":147,"column":3}},"80":{"start":{"line":130,"column":23},"end":{"line":130,"column":48}},"81":{"start":{"line":131,"column":26},"end":{"line":131,"column":40}},"82":{"start":{"line":132,"column":21},"end":{"line":132,"column":40}},"83":{"start":{"line":133,"column":28},"end":{"line":133,"column":70}},"84":{"start":{"line":135,"column":4},"end":{"line":146,"column":5}},"85":{"start":{"line":136,"column":6},"end":{"line":145,"column":7}},"86":{"start":{"line":137,"column":30},"end":{"line":141,"column":9}},"87":{"start":{"line":142,"column":8},"end":{"line":142,"column":53}},"88":{"start":{"line":143,"column":8},"end":{"line":143,"column":51}},"89":{"start":{"line":144,"column":8},"end":{"line":144,"column":71}},"90":{"start":{"line":150,"column":20},"end":{"line":173,"column":3}},"91":{"start":{"line":151,"column":22},"end":{"line":151,"column":58}},"92":{"start":{"line":152,"column":28},"end":{"line":152,"column":70}},"93":{"start":{"line":153,"column":28},"end":{"line":153,"column":59}},"94":{"start":{"line":154,"column":21},"end":{"line":154,"column":57}},"95":{"start":{"line":155,"column":19},"end":{"line":155,"column":51}},"96":{"start":{"line":157,"column":4},"end":{"line":172,"column":5}},"97":{"start":{"line":158,"column":19},"end":{"line":158,"column":74}},"98":{"start":{"line":158,"column":55},"end":{"line":158,"column":73}},"99":{"start":{"line":159,"column":6},"end":{"line":171,"column":7}},"100":{"start":{"line":161,"column":8},"end":{"line":161,"column":44}},"101":{"start":{"line":162,"column":8},"end":{"line":162,"column":43}},"102":{"start":{"line":163,"column":8},"end":{"line":163,"column":42}},"103":{"start":{"line":164,"column":8},"end":{"line":164,"column":46}},"104":{"start":{"line":165,"column":8},"end":{"line":165,"column":46}},"105":{"start":{"line":166,"column":8},"end":{"line":166,"column":98}},"106":{"start":{"line":166,"column":54},"end":{"line":166,"column":96}},"107":{"start":{"line":167,"column":8},"end":{"line":169,"column":11}},"108":{"start":{"line":168,"column":10},"end":{"line":168,"column":42}},"109":{"start":{"line":170,"column":8},"end":{"line":170,"column":38}},"110":{"start":{"line":176,"column":26},"end":{"line":192,"column":3}},"111":{"start":{"line":177,"column":22},"end":{"line":177,"column":58}},"112":{"start":{"line":178,"column":21},"end":{"line":178,"column":56}},"113":{"start":{"line":179,"column":28},"end":{"line":179,"column":70}},"114":{"start":{"line":180,"column":28},"end":{"line":180,"column":59}},"115":{"start":{"line":181,"column":21},"end":{"line":181,"column":57}},"116":{"start":{"line":184,"column":4},"end":{"line":184,"column":43}},"117":{"start":{"line":185,"column":4},"end":{"line":185,"column":36}},"118":{"start":{"line":186,"column":4},"end":{"line":186,"column":35}},"119":{"start":{"line":187,"column":4},"end":{"line":187,"column":38}},"120":{"start":{"line":188,"column":4},"end":{"line":188,"column":45}},"121":{"start":{"line":189,"column":4},"end":{"line":189,"column":45}},"122":{"start":{"line":190,"column":4},"end":{"line":190,"column":68}},"123":{"start":{"line":191,"column":4},"end":{"line":191,"column":28}},"124":{"start":{"line":196,"column":23},"end":{"line":196,"column":38}},"125":{"start":{"line":197,"column":4},"end":{"line":210,"column":5}},"126":{"start":{"line":198,"column":6},"end":{"line":198,"column":25}},"127":{"start":{"line":199,"column":6},"end":{"line":209,"column":7}},"128":{"start":{"line":200,"column":26},"end":{"line":202,"column":9}},"129":{"start":{"line":201,"column":20},"end":{"line":201,"column":41}},"130":{"start":{"line":203,"column":8},"end":{"line":208,"column":9}},"131":{"start":{"line":204,"column":10},"end":{"line":204,"column":65}},"132":{"start":{"line":205,"column":10},"end":{"line":205,"column":50}},"133":{"start":{"line":206,"column":10},"end":{"line":206,"column":50}},"134":{"start":{"line":207,"column":10},"end":{"line":207,"column":38}},"135":{"start":{"line":215,"column":4},"end":{"line":215,"column":23}},"136":{"start":{"line":216,"column":4},"end":{"line":216,"column":34}},"137":{"start":{"line":217,"column":4},"end":{"line":217,"column":44}},"138":{"start":{"line":218,"column":4},"end":{"line":218,"column":28}},"139":{"start":{"line":219,"column":4},"end":{"line":219,"column":32}},"140":{"start":{"line":220,"column":4},"end":{"line":220,"column":28}},"141":{"start":{"line":224,"column":21},"end":{"line":231,"column":3}},"142":{"start":{"line":225,"column":21},"end":{"line":225,"column":50}},"143":{"start":{"line":226,"column":4},"end":{"line":226,"column":46}},"144":{"start":{"line":227,"column":4},"end":{"line":227,"column":59}},"145":{"start":{"line":228,"column":26},"end":{"line":228,"column":66}},"146":{"start":{"line":229,"column":4},"end":{"line":229,"column":62}},"147":{"start":{"line":230,"column":4},"end":{"line":230,"column":46}},"148":{"start":{"line":230,"column":21},"end":{"line":230,"column":38}}},"fnMap":{"0":{"name":"(anonymous_0)","decl":{"start":{"line":11,"column":27},"end":{"line":11,"column":28}},"loc":{"start":{"line":11,"column":33},"end":{"line":73,"column":3}},"line":11},"1":{"name":"(anonymous_1)","decl":{"start":{"line":25,"column":30},"end":{"line":25,"column":31}},"loc":{"start":{"line":25,"column":40},"end":{"line":25,"column":57}},"line":25},"2":{"name":"(anonymous_2)","decl":{"start":{"line":26,"column":33},"end":{"line":26,"column":34}},"loc":{"start":{"line":26,"column":43},"end":{"line":38,"column":7}},"line":26},"3":{"name":"(anonymous_3)","decl":{"start":{"line":41,"column":24},"end":{"line":41,"column":25}},"loc":{"start":{"line":41,"column":33},"end":{"line":58,"column":7}},"line":41},"4":{"name":"(anonymous_4)","decl":{"start":{"line":42,"column":38},"end":{"line":42,"column":39}},"loc":{"start":{"line":42,"column":49},"end":{"line":57,"column":9}},"line":42},"5":{"name":"(anonymous_5)","decl":{"start":{"line":62,"column":25},"end":{"line":62,"column":26}},"loc":{"start":{"line":62,"column":39},"end":{"line":71,"column":7}},"line":62},"6":{"name":"(anonymous_6)","decl":{"start":{"line":63,"column":44},"end":{"line":63,"column":45}},"loc":{"start":{"line":63,"column":55},"end":{"line":70,"column":9}},"line":63},"7":{"name":"(anonymous_7)","decl":{"start":{"line":66,"column":12},"end":{"line":66,"column":13}},"loc":{"start":{"line":66,"column":22},"end":{"line":66,"column":66}},"line":66},"8":{"name":"(anonymous_8)","decl":{"start":{"line":76,"column":19},"end":{"line":76,"column":20}},"loc":{"start":{"line":76,"column":26},"end":{"line":92,"column":3}},"line":76},"9":{"name":"(anonymous_9)","decl":{"start":{"line":95,"column":23},"end":{"line":95,"column":24}},"loc":{"start":{"line":95,"column":29},"end":{"line":97,"column":3}},"line":95},"10":{"name":"(anonymous_10)","decl":{"start":{"line":100,"column":23},"end":{"line":100,"column":24}},"loc":{"start":{"line":100,"column":29},"end":{"line":108,"column":3}},"line":100},"11":{"name":"(anonymous_11)","decl":{"start":{"line":103,"column":21},"end":{"line":103,"column":22}},"loc":{"start":{"line":103,"column":31},"end":{"line":106,"column":5}},"line":103},"12":{"name":"(anonymous_12)","decl":{"start":{"line":111,"column":27},"end":{"line":111,"column":28}},"loc":{"start":{"line":111,"column":34},"end":{"line":126,"column":5}},"line":111},"13":{"name":"(anonymous_13)","decl":{"start":{"line":129,"column":22},"end":{"line":129,"column":23}},"loc":{"start":{"line":129,"column":36},"end":{"line":147,"column":3}},"line":129},"14":{"name":"(anonymous_14)","decl":{"start":{"line":150,"column":20},"end":{"line":150,"column":21}},"loc":{"start":{"line":150,"column":34},"end":{"line":173,"column":3}},"line":150},"15":{"name":"(anonymous_15)","decl":{"start":{"line":158,"column":48},"end":{"line":158,"column":49}},"loc":{"start":{"line":158,"column":55},"end":{"line":158,"column":73}},"line":158},"16":{"name":"(anonymous_16)","decl":{"start":{"line":166,"column":47},"end":{"line":166,"column":48}},"loc":{"start":{"line":166,"column":54},"end":{"line":166,"column":96}},"line":166},"17":{"name":"(anonymous_17)","decl":{"start":{"line":167,"column":43},"end":{"line":167,"column":44}},"loc":{"start":{"line":167,"column":50},"end":{"line":169,"column":9}},"line":167},"18":{"name":"(anonymous_18)","decl":{"start":{"line":176,"column":26},"end":{"line":176,"column":27}},"loc":{"start":{"line":176,"column":40},"end":{"line":192,"column":3}},"line":176},"19":{"name":"(anonymous_19)","decl":{"start":{"line":195,"column":2},"end":{"line":195,"column":3}},"loc":{"start":{"line":195,"column":42},"end":{"line":211,"column":3}},"line":195},"20":{"name":"(anonymous_20)","decl":{"start":{"line":201,"column":10},"end":{"line":201,"column":11}},"loc":{"start":{"line":201,"column":20},"end":{"line":201,"column":41}},"line":201},"21":{"name":"(anonymous_21)","decl":{"start":{"line":214,"column":2},"end":{"line":214,"column":3}},"loc":{"start":{"line":214,"column":31},"end":{"line":221,"column":3}},"line":214},"22":{"name":"(anonymous_22)","decl":{"start":{"line":224,"column":21},"end":{"line":224,"column":22}},"loc":{"start":{"line":224,"column":45},"end":{"line":231,"column":3}},"line":224},"23":{"name":"(anonymous_23)","decl":{"start":{"line":230,"column":15},"end":{"line":230,"column":16}},"loc":{"start":{"line":230,"column":21},"end":{"line":230,"column":38}},"line":230}},"branchMap":{"0":{"loc":{"start":{"line":16,"column":4},"end":{"line":72,"column":5}},"type":"if","locations":[{"start":{"line":16,"column":4},"end":{"line":72,"column":5}},{"start":{"line":21,"column":11},"end":{"line":72,"column":5}}],"line":16},"1":{"loc":{"start":{"line":44,"column":10},"end":{"line":56,"column":11}},"type":"if","locations":[{"start":{"line":44,"column":10},"end":{"line":56,"column":11}},{"start":{"line":47,"column":17},"end":{"line":56,"column":11}}],"line":44},"2":{"loc":{"start":{"line":47,"column":17},"end":{"line":56,"column":11}},"type":"if","locations":[{"start":{"line":47,"column":17},"end":{"line":56,"column":11}},{"start":{},"end":{}}],"line":47},"3":{"loc":{"start":{"line":48,"column":12},"end":{"line":55,"column":13}},"type":"if","locations":[{"start":{"line":48,"column":12},"end":{"line":55,"column":13}},{"start":{"line":52,"column":19},"end":{"line":55,"column":13}}],"line":48},"4":{"loc":{"start":{"line":52,"column":19},"end":{"line":55,"column":13}},"type":"if","locations":[{"start":{"line":52,"column":19},"end":{"line":55,"column":13}},{"start":{},"end":{}}],"line":52},"5":{"loc":{"start":{"line":77,"column":4},"end":{"line":91,"column":5}},"type":"if","locations":[{"start":{"line":77,"column":4},"end":{"line":91,"column":5}},{"start":{},"end":{}}],"line":77},"6":{"loc":{"start":{"line":80,"column":6},"end":{"line":90,"column":7}},"type":"if","locations":[{"start":{"line":80,"column":6},"end":{"line":90,"column":7}},{"start":{"line":82,"column":13},"end":{"line":90,"column":7}}],"line":80},"7":{"loc":{"start":{"line":113,"column":6},"end":{"line":125,"column":7}},"type":"if","locations":[{"start":{"line":113,"column":6},"end":{"line":125,"column":7}},{"start":{"line":115,"column":13},"end":{"line":125,"column":7}}],"line":113},"8":{"loc":{"start":{"line":135,"column":4},"end":{"line":146,"column":5}},"type":"if","locations":[{"start":{"line":135,"column":4},"end":{"line":146,"column":5}},{"start":{},"end":{}}],"line":135},"9":{"loc":{"start":{"line":136,"column":6},"end":{"line":145,"column":7}},"type":"if","locations":[{"start":{"line":136,"column":6},"end":{"line":145,"column":7}},{"start":{},"end":{}}],"line":136},"10":{"loc":{"start":{"line":157,"column":4},"end":{"line":172,"column":5}},"type":"if","locations":[{"start":{"line":157,"column":4},"end":{"line":172,"column":5}},{"start":{},"end":{}}],"line":157},"11":{"loc":{"start":{"line":159,"column":6},"end":{"line":171,"column":7}},"type":"if","locations":[{"start":{"line":159,"column":6},"end":{"line":171,"column":7}},{"start":{},"end":{}}],"line":159},"12":{"loc":{"start":{"line":197,"column":4},"end":{"line":210,"column":5}},"type":"if","locations":[{"start":{"line":197,"column":4},"end":{"line":210,"column":5}},{"start":{},"end":{}}],"line":197},"13":{"loc":{"start":{"line":199,"column":6},"end":{"line":209,"column":7}},"type":"if","locations":[{"start":{"line":199,"column":6},"end":{"line":209,"column":7}},{"start":{},"end":{}}],"line":199},"14":{"loc":{"start":{"line":203,"column":8},"end":{"line":208,"column":9}},"type":"if","locations":[{"start":{"line":203,"column":8},"end":{"line":208,"column":9}},{"start":{},"end":{}}],"line":203}},"s":{"0":1,"1":1,"2":1,"3":1,"4":0,"5":0,"6":0,"7":0,"8":0,"9":0,"10":0,"11":0,"12":0,"13":0,"14":0,"15":0,"16":0,"17":0,"18":0,"19":0,"20":0,"21":0,"22":0,"23":0,"24":0,"25":0,"26":0,"27":0,"28":0,"29":0,"30":0,"31":0,"32":0,"33":0,"34":0,"35":0,"36":0,"37":0,"38":0,"39":0,"40":0,"41":0,"42":0,"43":0,"44":0,"45":1,"46":1,"47":0,"48":0,"49":0,"50":0,"51":0,"52":0,"53":0,"54":0,"55":0,"56":0,"57":0,"58":1,"59":0,"60":1,"61":0,"62":0,"63":0,"64":0,"65":0,"66":0,"67":1,"68":0,"69":0,"70":0,"71":0,"72":0,"73":0,"74":0,"75":0,"76":0,"77":0,"78":0,"79":1,"80":0,"81":0,"82":0,"83":0,"84":0,"85":0,"86":0,"87":0,"88":0,"89":0,"90":1,"91":0,"92":0,"93":0,"94":0,"95":0,"96":0,"97":0,"98":0,"99":0,"100":0,"101":0,"102":0,"103":0,"104":0,"105":0,"106":0,"107":0,"108":0,"109":0,"110":1,"111":0,"112":0,"113":0,"114":0,"115":0,"116":0,"117":0,"118":0,"119":0,"120":0,"121":0,"122":0,"123":0,"124":0,"125":0,"126":0,"127":0,"128":0,"129":0,"130":0,"131":0,"132":0,"133":0,"134":0,"135":1,"136":0,"137":0,"138":0,"139":0,"140":0,"141":1,"142":0,"143":0,"144":0,"145":0,"146":0,"147":0,"148":0},"f":{"0":0,"1":0,"2":0,"3":0,"4":0,"5":0,"6":0,"7":0,"8":1,"9":0,"10":0,"11":0,"12":0,"13":0,"14":0,"15":0,"16":0,"17":0,"18":0,"19":0,"20":0,"21":1,"22":0,"23":0},"b":{"0":[0,0],"1":[0,0],"2":[0,0],"3":[0,0],"4":[0,0],"5":[0,1],"6":[0,0],"7":[0,0],"8":[0,0],"9":[0,0],"10":[0,0],"11":[0,0],"12":[0,0],"13":[0,0],"14":[0,0]},"_coverageSchema":"1a1c01bbd47fc00a2c39e90264f33305004495a9","hash":"e6df2be26fefe1725477c3a73cfde254e884cb93"}
,"C:\\Users\\USER\\Desktop\\AllMicroverse\\TODOLIST2\\Todo-List\\src\\modules\\storage.js": {"path":"C:\\Users\\USER\\Desktop\\AllMicroverse\\TODOLIST2\\Todo-List\\src\\modules\\storage.js","statementMap":{"0":{"start":{"line":2,"column":20},"end":{"line":10,"column":3}},"1":{"start":{"line":4,"column":4},"end":{"line":8,"column":5}},"2":{"start":{"line":5,"column":6},"end":{"line":5,"column":17}},"3":{"start":{"line":7,"column":6},"end":{"line":7,"column":56}},"4":{"start":{"line":9,"column":4},"end":{"line":9,"column":17}},"5":{"start":{"line":12,"column":23},"end":{"line":14,"column":3}},"6":{"start":{"line":13,"column":4},"end":{"line":13,"column":56}},"7":{"start":{"line":16,"column":20},"end":{"line":20,"column":3}},"8":{"start":{"line":17,"column":18},"end":{"line":17,"column":36}},"9":{"start":{"line":18,"column":4},"end":{"line":18,"column":21}},"10":{"start":{"line":19,"column":4},"end":{"line":19,"column":57}},"11":{"start":{"line":22,"column":22},"end":{"line":27,"column":3}},"12":{"start":{"line":23,"column":4},"end":{"line":23,"column":23}},"13":{"start":{"line":24,"column":16},"end":{"line":24,"column":34}},"14":{"start":{"line":25,"column":4},"end":{"line":25,"column":58}},"15":{"start":{"line":25,"column":35},"end":{"line":25,"column":56}},"16":{"start":{"line":26,"column":4},"end":{"line":26,"column":57}},"17":{"start":{"line":29,"column":22},"end":{"line":39,"column":3}},"18":{"start":{"line":30,"column":18},"end":{"line":30,"column":36}},"19":{"start":{"line":31,"column":24},"end":{"line":36,"column":6}},"20":{"start":{"line":32,"column":6},"end":{"line":34,"column":7}},"21":{"start":{"line":33,"column":8},"end":{"line":33,"column":20}},"22":{"start":{"line":35,"column":6},"end":{"line":35,"column":18}},"23":{"start":{"line":37,"column":20},"end":{"line":37,"column":69}},"24":{"start":{"line":37,"column":49},"end":{"line":37,"column":68}},"25":{"start":{"line":38,"column":4},"end":{"line":38,"column":33}}},"fnMap":{"0":{"name":"(anonymous_0)","decl":{"start":{"line":2,"column":20},"end":{"line":2,"column":21}},"loc":{"start":{"line":2,"column":26},"end":{"line":10,"column":3}},"line":2},"1":{"name":"(anonymous_1)","decl":{"start":{"line":12,"column":23},"end":{"line":12,"column":24}},"loc":{"start":{"line":12,"column":33},"end":{"line":14,"column":3}},"line":12},"2":{"name":"(anonymous_2)","decl":{"start":{"line":16,"column":20},"end":{"line":16,"column":21}},"loc":{"start":{"line":16,"column":30},"end":{"line":20,"column":3}},"line":16},"3":{"name":"(anonymous_3)","decl":{"start":{"line":22,"column":22},"end":{"line":22,"column":23}},"loc":{"start":{"line":22,"column":37},"end":{"line":27,"column":3}},"line":22},"4":{"name":"(anonymous_4)","decl":{"start":{"line":25,"column":25},"end":{"line":25,"column":26}},"loc":{"start":{"line":25,"column":35},"end":{"line":25,"column":56}},"line":25},"5":{"name":"(anonymous_5)","decl":{"start":{"line":29,"column":22},"end":{"line":29,"column":23}},"loc":{"start":{"line":29,"column":32},"end":{"line":39,"column":3}},"line":29},"6":{"name":"(anonymous_6)","decl":{"start":{"line":31,"column":34},"end":{"line":31,"column":35}},"loc":{"start":{"line":31,"column":44},"end":{"line":36,"column":5}},"line":31},"7":{"name":"(anonymous_7)","decl":{"start":{"line":37,"column":39},"end":{"line":37,"column":40}},"loc":{"start":{"line":37,"column":49},"end":{"line":37,"column":68}},"line":37}},"branchMap":{"0":{"loc":{"start":{"line":4,"column":4},"end":{"line":8,"column":5}},"type":"if","locations":[{"start":{"line":4,"column":4},"end":{"line":8,"column":5}},{"start":{"line":6,"column":11},"end":{"line":8,"column":5}}],"line":4},"1":{"loc":{"start":{"line":32,"column":6},"end":{"line":34,"column":7}},"type":"if","locations":[{"start":{"line":32,"column":6},"end":{"line":34,"column":7}},{"start":{},"end":{}}],"line":32}},"s":{"0":1,"1":1,"2":1,"3":0,"4":1,"5":1,"6":0,"7":1,"8":0,"9":0,"10":0,"11":1,"12":0,"13":0,"14":0,"15":0,"16":0,"17":1,"18":0,"19":0,"20":0,"21":0,"22":0,"23":0,"24":0,"25":0},"f":{"0":1,"1":0,"2":0,"3":0,"4":0,"5":0,"6":0,"7":0},"b":{"0":[1,0],"1":[0,0]},"_coverageSchema":"1a1c01bbd47fc00a2c39e90264f33305004495a9","hash":"eebae907fe74b55e030673c725da2d303c880a70"}
,"C:\\Users\\USER\\Desktop\\AllMicroverse\\TODOLIST2\\Todo-List\\src\\modules\\todo.js": {"path":"C:\\Users\\USER\\Desktop\\AllMicroverse\\TODOLIST2\\Todo-List\\src\\modules\\todo.js","statementMap":{"0":{"start":{"line":3,"column":4},"end":{"line":3,"column":35}},"1":{"start":{"line":4,"column":4},"end":{"line":4,"column":21}},"2":{"start":{"line":5,"column":4},"end":{"line":5,"column":23}}},"fnMap":{"0":{"name":"(anonymous_0)","decl":{"start":{"line":2,"column":2},"end":{"line":2,"column":3}},"loc":{"start":{"line":2,"column":40},"end":{"line":6,"column":3}},"line":2}},"branchMap":{},"s":{"0":0,"1":0,"2":0},"f":{"0":0},"b":{},"_coverageSchema":"1a1c01bbd47fc00a2c39e90264f33305004495a9","hash":"739cbd6deee0254b053d4eab5970ed8d17e22576"}
}
